2023-03-22 13:57:40.848 +08:00 [SkyWalking_UserService] [Information] SkyApm.InstrumentStartup : Initializing ...
2023-03-22 13:57:40.867 +08:00 [SkyWalking_UserService] [Information] SkyApm.Service.RegisterService : Loaded instrument service [SkyApm.Service.RegisterService].
2023-03-22 13:57:40.867 +08:00 [SkyWalking_UserService] [Information] SkyApm.Service.LogReportService : Loaded instrument service [SkyApm.Service.LogReportService].
2023-03-22 13:57:40.867 +08:00 [SkyWalking_UserService] [Information] SkyApm.Service.PingService : Loaded instrument service [SkyApm.Service.PingService].
2023-03-22 13:57:40.867 +08:00 [SkyWalking_UserService] [Information] SkyApm.Service.SegmentReportService : Loaded instrument service [SkyApm.Service.SegmentReportService].
2023-03-22 13:57:40.869 +08:00 [SkyWalking_UserService] [Information] SkyApm.Service.CLRStatsService : Loaded instrument service [SkyApm.Service.CLRStatsService].
2023-03-22 13:57:40.869 +08:00 [SkyWalking_UserService] [Information] SkyApm.Sampling.SimpleCountSamplingInterceptor : Loaded instrument service [SkyApm.Sampling.SimpleCountSamplingInterceptor].
2023-03-22 13:57:40.869 +08:00 [SkyWalking_UserService] [Information] SkyApm.Transport.Grpc.ConnectService : Loaded instrument service [SkyApm.Transport.Grpc.ConnectService].
2023-03-22 13:57:41.038 +08:00 [SkyWalking_UserService] [Information] SkyApm.Diagnostics.TracingDiagnosticProcessorObserver : Loaded diagnostic listener [HttpHandlerDiagnosticListener].
2023-03-22 13:57:41.044 +08:00 [SkyWalking_UserService] [Information] SkyApm.Diagnostics.TracingDiagnosticProcessorObserver : Loaded diagnostic listener [Microsoft.AspNetCore].
2023-03-22 13:57:41.044 +08:00 [SkyWalking_UserService] [Information] SkyApm.InstrumentStartup : Started SkyAPM .NET Core Agent.
2023-03-22 13:57:41.046 +08:00 [SkyWalking_UserService] [Information] SkyApm.Transport.Grpc.ConnectionManager : Connected server[192.168.1.22:11800].
2023-03-22 13:57:41.636 +08:00 [SkyWalking_UserService] [Information] SkyApm.Diagnostics.TracingDiagnosticProcessorObserver : Loaded diagnostic listener [Grpc.Net.Client].
2023-03-22 13:57:42.196 +08:00 [SkyWalking_UserService] [Information] SkyApm.Service.RegisterService : Reported Service Instance Properties[Service=SkyWalking_UserService,InstanceId=192.168.1.126@40da2a15362843ea8b135e8ff14b255b].
2023-03-22 13:58:05.051 +08:00 [SkyWalking_UserService] [Information] SkyApm.Transport.Grpc.V8.SegmentReporter : Report 1 trace segment. cost: 00:00:00.1778958s
2023-03-22 13:58:06.995 +08:00 [SkyWalking_UserService] [Information] SkyApm.Diagnostics.TracingDiagnosticProcessorObserver : Loaded diagnostic listener [SqlClientDiagnosticListener].
2023-03-22 13:58:07.905 +08:00 [SkyWalking_UserService] [Information] SkyApm.Transport.Grpc.V8.SegmentReporter : Report 1 trace segment. cost: 00:00:00.0339645s
2023-03-22 13:58:08.075 +08:00 [SkyWalking_UserService] [Information] SkyApm.Transport.Grpc.SegmentReporter : Report 1 logs. cost: 00:00:00.1910357s
2023-03-22 13:58:10.934 +08:00 [SkyWalking_UserService] [Information] SkyApm.Service.PingService : Ping server @2023/3/22 5:58:10 +00:00
2023-03-22 13:58:11.000 +08:00 [SkyWalking_UserService] [Information] SkyApm.Service.CLRStatsService : Report CLR Stats. CPU UsagePercent 0 GenCollectCount 0 0 0 17M ThreadPool 32760 32767 1000 1000
2023-03-22 13:58:40.895 +08:00 [SkyWalking_UserService] [Information] SkyApm.Service.CLRStatsService : Report CLR Stats. CPU UsagePercent 0 GenCollectCount 0 0 0 18M ThreadPool 32759 32767 1000 1000
2023-03-22 13:59:10.906 +08:00 [SkyWalking_UserService] [Information] SkyApm.Service.PingService : Ping server @2023/3/22 5:59:10 +00:00
2023-03-22 13:59:10.910 +08:00 [SkyWalking_UserService] [Information] SkyApm.Service.CLRStatsService : Report CLR Stats. CPU UsagePercent 0 GenCollectCount 0 0 0 18M ThreadPool 32758 32767 1000 1000
2023-03-22 13:59:21.882 +08:00 [SkyWalking_UserService] [Information] SkyApm.InstrumentStartup : Initializing ...
2023-03-22 13:59:21.900 +08:00 [SkyWalking_UserService] [Information] SkyApm.Service.RegisterService : Loaded instrument service [SkyApm.Service.RegisterService].
2023-03-22 13:59:21.901 +08:00 [SkyWalking_UserService] [Information] SkyApm.Service.LogReportService : Loaded instrument service [SkyApm.Service.LogReportService].
2023-03-22 13:59:21.901 +08:00 [SkyWalking_UserService] [Information] SkyApm.Service.PingService : Loaded instrument service [SkyApm.Service.PingService].
2023-03-22 13:59:21.901 +08:00 [SkyWalking_UserService] [Information] SkyApm.Service.SegmentReportService : Loaded instrument service [SkyApm.Service.SegmentReportService].
2023-03-22 13:59:21.901 +08:00 [SkyWalking_UserService] [Information] SkyApm.Service.CLRStatsService : Loaded instrument service [SkyApm.Service.CLRStatsService].
2023-03-22 13:59:21.901 +08:00 [SkyWalking_UserService] [Information] SkyApm.Sampling.SimpleCountSamplingInterceptor : Loaded instrument service [SkyApm.Sampling.SimpleCountSamplingInterceptor].
2023-03-22 13:59:21.901 +08:00 [SkyWalking_UserService] [Information] SkyApm.Transport.Grpc.ConnectService : Loaded instrument service [SkyApm.Transport.Grpc.ConnectService].
2023-03-22 13:59:21.934 +08:00 [SkyWalking_UserService] [Information] SkyApm.Transport.Grpc.ConnectionManager : Connected server[192.168.1.22:11800].
2023-03-22 13:59:21.938 +08:00 [SkyWalking_UserService] [Information] SkyApm.Diagnostics.TracingDiagnosticProcessorObserver : Loaded diagnostic listener [HttpHandlerDiagnosticListener].
2023-03-22 13:59:21.939 +08:00 [SkyWalking_UserService] [Information] SkyApm.Diagnostics.TracingDiagnosticProcessorObserver : Loaded diagnostic listener [Microsoft.AspNetCore].
2023-03-22 13:59:21.939 +08:00 [SkyWalking_UserService] [Information] SkyApm.InstrumentStartup : Started SkyAPM .NET Core Agent.
2023-03-22 13:59:22.446 +08:00 [SkyWalking_UserService] [Information] SkyApm.Diagnostics.TracingDiagnosticProcessorObserver : Loaded diagnostic listener [Grpc.Net.Client].
2023-03-22 13:59:22.547 +08:00 [SkyWalking_UserService] [Information] SkyApm.Service.RegisterService : Reported Service Instance Properties[Service=SkyWalking_UserService,InstanceId=192.168.1.126@2c6d0021852b4e6f8fb8d121a52b4150].
2023-03-22 13:59:24.949 +08:00 [SkyWalking_UserService] [Information] SkyApm.Transport.Grpc.V8.SegmentReporter : Report 4 trace segment. cost: 00:00:00.0419882s
2023-03-22 13:59:27.938 +08:00 [SkyWalking_UserService] [Information] SkyApm.Transport.Grpc.V8.SegmentReporter : Report 1 trace segment. cost: 00:00:00.0242004s
2023-03-22 13:59:30.440 +08:00 [SkyWalking_UserService] [Information] SkyApm.Diagnostics.TracingDiagnosticProcessorObserver : Loaded diagnostic listener [SqlClientDiagnosticListener].
2023-03-22 13:59:30.946 +08:00 [SkyWalking_UserService] [Information] SkyApm.Transport.Grpc.V8.SegmentReporter : Report 1 trace segment. cost: 00:00:00.0308554s
2023-03-22 13:59:30.958 +08:00 [SkyWalking_UserService] [Information] SkyApm.Transport.Grpc.SegmentReporter : Report 1 logs. cost: 00:00:00.0312330s
2023-03-22 13:59:51.971 +08:00 [SkyWalking_UserService] [Information] SkyApm.Service.PingService : Ping server @2023/3/22 5:59:51 +00:00
2023-03-22 13:59:51.985 +08:00 [SkyWalking_UserService] [Information] SkyApm.Service.CLRStatsService : Report CLR Stats. CPU UsagePercent 0 GenCollectCount 0 0 0 17M ThreadPool 32760 32767 1000 1000
2023-03-22 14:00:21.939 +08:00 [SkyWalking_UserService] [Information] SkyApm.Service.CLRStatsService : Report CLR Stats. CPU UsagePercent 0 GenCollectCount 0 0 0 18M ThreadPool 32758 32767 1000 1000
2023-03-22 14:00:51.943 +08:00 [SkyWalking_UserService] [Information] SkyApm.Service.PingService : Ping server @2023/3/22 6:00:51 +00:00
2023-03-22 14:00:51.950 +08:00 [SkyWalking_UserService] [Information] SkyApm.Service.CLRStatsService : Report CLR Stats. CPU UsagePercent 0 GenCollectCount 0 0 0 19M ThreadPool 32759 32767 1000 1000
2023-03-22 14:01:21.942 +08:00 [SkyWalking_UserService] [Information] SkyApm.Service.CLRStatsService : Report CLR Stats. CPU UsagePercent 0 GenCollectCount 0 0 0 19M ThreadPool 32757 32767 1000 1000
2023-03-22 14:01:51.951 +08:00 [SkyWalking_UserService] [Information] SkyApm.Service.CLRStatsService : Report CLR Stats. CPU UsagePercent 0 GenCollectCount 0 0 0 20M ThreadPool 32759 32767 1000 1000
2023-03-22 14:01:51.952 +08:00 [SkyWalking_UserService] [Information] SkyApm.Service.PingService : Ping server @2023/3/22 6:01:51 +00:00
2023-03-22 14:02:21.927 +08:00 [SkyWalking_UserService] [Information] SkyApm.Service.CLRStatsService : Report CLR Stats. CPU UsagePercent 0 GenCollectCount 0 0 0 21M ThreadPool 32758 32767 1000 1000
2023-03-22 14:02:51.953 +08:00 [SkyWalking_UserService] [Information] SkyApm.Service.CLRStatsService : Report CLR Stats. CPU UsagePercent 0 GenCollectCount 0 0 0 21M ThreadPool 32757 32767 1000 1000
2023-03-22 14:02:51.953 +08:00 [SkyWalking_UserService] [Information] SkyApm.Service.PingService : Ping server @2023/3/22 6:02:51 +00:00
2023-03-22 14:03:21.939 +08:00 [SkyWalking_UserService] [Information] SkyApm.Service.CLRStatsService : Report CLR Stats. CPU UsagePercent 0 GenCollectCount 0 0 0 22M ThreadPool 32759 32767 1000 1000
2023-03-22 14:03:51.943 +08:00 [SkyWalking_UserService] [Information] SkyApm.Service.CLRStatsService : Report CLR Stats. CPU UsagePercent 0 GenCollectCount 0 0 0 22M ThreadPool 32758 32767 1000 1000
2023-03-22 14:03:51.949 +08:00 [SkyWalking_UserService] [Information] SkyApm.Service.PingService : Ping server @2023/3/22 6:03:51 +00:00
2023-03-22 14:04:21.938 +08:00 [SkyWalking_UserService] [Information] SkyApm.Service.CLRStatsService : Report CLR Stats. CPU UsagePercent 0 GenCollectCount 0 0 0 23M ThreadPool 32758 32767 1000 1000
2023-03-22 14:04:51.948 +08:00 [SkyWalking_UserService] [Information] SkyApm.Service.PingService : Ping server @2023/3/22 6:04:51 +00:00
2023-03-22 14:04:51.948 +08:00 [SkyWalking_UserService] [Information] SkyApm.Service.CLRStatsService : Report CLR Stats. CPU UsagePercent 0 GenCollectCount 0 0 0 24M ThreadPool 32759 32767 1000 1000
2023-03-22 14:05:21.936 +08:00 [SkyWalking_UserService] [Information] SkyApm.Service.CLRStatsService : Report CLR Stats. CPU UsagePercent 0 GenCollectCount 0 0 0 24M ThreadPool 32759 32767 1000 1000
2023-03-22 14:05:51.956 +08:00 [SkyWalking_UserService] [Information] SkyApm.Service.CLRStatsService : Report CLR Stats. CPU UsagePercent 0 GenCollectCount 0 0 0 25M ThreadPool 32757 32767 1000 1000
2023-03-22 14:05:51.956 +08:00 [SkyWalking_UserService] [Information] SkyApm.Service.PingService : Ping server @2023/3/22 6:05:51 +00:00
2023-03-22 14:06:21.952 +08:00 [SkyWalking_UserService] [Information] SkyApm.Service.CLRStatsService : Report CLR Stats. CPU UsagePercent 0 GenCollectCount 0 0 0 26M ThreadPool 32759 32767 1000 1000
2023-03-22 14:06:51.983 +08:00 [SkyWalking_UserService] [Information] SkyApm.Service.CLRStatsService : Report CLR Stats. CPU UsagePercent 0 GenCollectCount 0 0 0 26M ThreadPool 32758 32767 1000 1000
2023-03-22 14:06:51.983 +08:00 [SkyWalking_UserService] [Information] SkyApm.Service.PingService : Ping server @2023/3/22 6:06:51 +00:00
2023-03-22 14:07:21.931 +08:00 [SkyWalking_UserService] [Information] SkyApm.Service.CLRStatsService : Report CLR Stats. CPU UsagePercent 0 GenCollectCount 0 0 0 27M ThreadPool 32760 32767 1000 1000
2023-03-22 14:07:51.953 +08:00 [SkyWalking_UserService] [Information] SkyApm.Service.CLRStatsService : Report CLR Stats. CPU UsagePercent 0 GenCollectCount 0 0 0 27M ThreadPool 32759 32767 1000 1000
2023-03-22 14:07:51.953 +08:00 [SkyWalking_UserService] [Information] SkyApm.Service.PingService : Ping server @2023/3/22 6:07:51 +00:00
2023-03-22 14:08:21.934 +08:00 [SkyWalking_UserService] [Information] SkyApm.Service.CLRStatsService : Report CLR Stats. CPU UsagePercent 0 GenCollectCount 0 0 0 28M ThreadPool 32760 32767 1000 1000
2023-03-22 14:08:51.965 +08:00 [SkyWalking_UserService] [Information] SkyApm.Service.PingService : Ping server @2023/3/22 6:08:51 +00:00
2023-03-22 14:08:51.972 +08:00 [SkyWalking_UserService] [Information] SkyApm.Service.CLRStatsService : Report CLR Stats. CPU UsagePercent 0 GenCollectCount 0 0 0 29M ThreadPool 32758 32767 1000 1000
2023-03-22 14:09:21.945 +08:00 [SkyWalking_UserService] [Information] SkyApm.Service.CLRStatsService : Report CLR Stats. CPU UsagePercent 0 GenCollectCount 0 0 0 29M ThreadPool 32759 32767 1000 1000
2023-03-22 14:09:51.961 +08:00 [SkyWalking_UserService] [Information] SkyApm.Service.CLRStatsService : Report CLR Stats. CPU UsagePercent 0 GenCollectCount 0 0 0 30M ThreadPool 32757 32767 1000 1000
2023-03-22 14:09:51.961 +08:00 [SkyWalking_UserService] [Information] SkyApm.Service.PingService : Ping server @2023/3/22 6:09:51 +00:00
2023-03-22 14:10:21.936 +08:00 [SkyWalking_UserService] [Information] SkyApm.Service.CLRStatsService : Report CLR Stats. CPU UsagePercent 0 GenCollectCount 0 0 0 31M ThreadPool 32760 32767 1000 1000
2023-03-22 14:10:51.954 +08:00 [SkyWalking_UserService] [Information] SkyApm.Service.CLRStatsService : Report CLR Stats. CPU UsagePercent 0 GenCollectCount 0 0 0 31M ThreadPool 32757 32767 1000 1000
2023-03-22 14:10:51.954 +08:00 [SkyWalking_UserService] [Information] SkyApm.Service.PingService : Ping server @2023/3/22 6:10:51 +00:00
2023-03-22 14:11:21.954 +08:00 [SkyWalking_UserService] [Information] SkyApm.Service.CLRStatsService : Report CLR Stats. CPU UsagePercent 0 GenCollectCount 0 0 0 32M ThreadPool 32760 32767 1000 1000
2023-03-22 14:11:51.958 +08:00 [SkyWalking_UserService] [Information] SkyApm.Service.CLRStatsService : Report CLR Stats. CPU UsagePercent 0 GenCollectCount 0 0 0 32M ThreadPool 32758 32767 1000 1000
2023-03-22 14:11:51.958 +08:00 [SkyWalking_UserService] [Information] SkyApm.Service.PingService : Ping server @2023/3/22 6:11:51 +00:00
2023-03-22 14:12:21.936 +08:00 [SkyWalking_UserService] [Information] SkyApm.Service.CLRStatsService : Report CLR Stats. CPU UsagePercent 0 GenCollectCount 0 0 0 33M ThreadPool 32760 32767 1000 1000
